# JRE version: OpenJDK Runtime Environment Microsoft-8035246 (17.0.8+7) (build 17.0.8+7-LTS)
# Java VM: OpenJDK 64-Bit Server VM Microsoft-8035246 (17.0.8+7-LTS, mixed mode, sharing, tiered, compressed oops, compressed class ptrs, g1 gc, windows-amd64)
GC Precious Log:
 CPUs: 4 total, 4 available
 Memory: 16289M
 Large Page Support: Disabled
 NUMA Support: Disabled
 Compressed Oops: Enabled (32-bit)
 Heap Region Size: 1M
 Heap Min Capacity: 8M
 Heap Initial Capacity: 256M
 Heap Max Capacity: 2G
 Pre-touch: Disabled
 Parallel Workers: 4
 Concurrent Workers: 1
 Concurrent Refinement Workers: 4
 Periodic GC: Disabled
Heap:
 garbage-first heap   total 345088K, used 202604K [0x0000000080000000, 0x0000000100000000)
  region size 1024K, 58 young (59392K), 9 survivors (9216K)
 Metaspace       used 98326K, committed 99200K, reserved 557056K
  class space    used 13727K, committed 14144K, reserved 425984K
GC Heap History (20 events):
Event: 44.590 GC heap before
{Heap before GC invocations=35 (full 0):
 garbage-first heap   total 147456K, used 101894K [0x0000000080000000, 0x0000000100000000)
  region size 1024K, 25 young (25600K), 1 survivors (1024K)
 Metaspace       used 70695K, committed 71424K, reserved 491520K
  class space    used 9882K, committed 10240K, reserved 425984K
}
Event: 44.596 GC heap after
{Heap after GC invocations=36 (full 0):
 garbage-first heap   total 147456K, used 79764K [0x0000000080000000, 0x0000000100000000)
  region size 1024K, 3 young (3072K), 3 survivors (3072K)
 Metaspace       used 70695K, committed 71424K, reserved 491520K
  class space    used 9882K, committed 10240K, reserved 425984K
}
Event: 44.628 GC heap before
{Heap before GC invocations=36 (full 0):
 garbage-first heap   total 147456K, used 87956K [0x0000000080000000, 0x0000000100000000)
  region size 1024K, 7 young (7168K), 3 survivors (3072K)
 Metaspace       used 70695K, committed 71424K, reserved 491520K
  class space    used 9882K, committed 10240K, reserved 425984K
}
Event: 44.635 GC heap after
{Heap after GC invocations=37 (full 0):
 garbage-first heap   total 147456K, used 83774K [0x0000000080000000, 0x0000000100000000)
  region size 1024K, 1 young (1024K), 1 survivors (1024K)
 Metaspace       used 70695K, committed 71424K, reserved 491520K
  class space    used 9882K, committed 10240K, reserved 425984K
}
Event: 44.709 GC heap before
{Heap before GC invocations=37 (full 0):
 garbage-first heap   total 147456K, used 87870K [0x0000000080000000, 0x0000000100000000)
  region size 1024K, 6 young (6144K), 1 survivors (1024K)
 Metaspace       used 70704K, committed 71424K, reserved 491520K
  class space    used 9882K, committed 10240K, reserved 425984K
}
Event: 44.714 GC heap after
{Heap after GC invocations=38 (full 0):
 garbage-first heap   total 147456K, used 85415K [0x0000000080000000, 0x0000000100000000)
  region size 1024K, 3 young (3072K), 3 survivors (3072K)
 Metaspace       used 70704K, committed 71424K, reserved 491520K
  class space    used 9882K, committed 10240K, reserved 425984K
}
Event: 45.492 GC heap before
{Heap before GC invocations=39 (full 0):
 garbage-first heap   total 155648K, used 111015K [0x0000000080000000, 0x0000000100000000)
  region size 1024K, 26 young (26624K), 3 survivors (3072K)
 Metaspace       used 72141K, committed 72896K, reserved 491520K
  class space    used 10081K, committed 10432K, reserved 425984K
}
Event: 45.498 GC heap after
{Heap after GC invocations=40 (full 0):
 garbage-first heap   total 155648K, used 83643K [0x0000000080000000, 0x0000000100000000)
  region size 1024K, 2 young (2048K), 2 survivors (2048K)
 Metaspace       used 72141K, committed 72896K, reserved 491520K
  class space    used 10081K, committed 10432K, reserved 425984K
}
Event: 45.602 GC heap before
{Heap before GC invocations=40 (full 0):
 garbage-first heap   total 155648K, used 87739K [0x0000000080000000, 0x0000000100000000)
  region size 1024K, 7 young (7168K), 2 survivors (2048K)
 Metaspace       used 72475K, committed 73216K, reserved 491520K
  class space    used 10124K, committed 10496K, reserved 425984K
}
Event: 45.610 GC heap after
{Heap after GC invocations=41 (full 0):
 garbage-first heap   total 345088K, used 84003K [0x0000000080000000, 0x0000000100000000)
  region size 1024K, 1 young (1024K), 1 survivors (1024K)
 Metaspace       used 72475K, committed 73216K, reserved 491520K
  class space    used 10124K, committed 10496K, reserved 425984K
}
Event: 54.163 GC heap before
{Heap before GC invocations=41 (full 0):
 garbage-first heap   total 345088K, used 205859K [0x0000000080000000, 0x0000000100000000)
  region size 1024K, 120 young (122880K), 1 survivors (1024K)
 Metaspace       used 78439K, committed 79168K, reserved 557056K
  class space    used 10918K, committed 11264K, reserved 425984K
}
Event: 54.179 GC heap after
{Heap after GC invocations=42 (full 0):
 garbage-first heap   total 345088K, used 91007K [0x0000000080000000, 0x0000000100000000)
  region size 1024K, 8 young (8192K), 8 survivors (8192K)
 Metaspace       used 78439K, committed 79168K, reserved 557056K
  class space    used 10918K, committed 11264K, reserved 425984K
}
Event: 57.475 GC heap before
{Heap before GC invocations=42 (full 0):
 garbage-first heap   total 345088K, used 228223K [0x0000000080000000, 0x0000000100000000)
  region size 1024K, 140 young (143360K), 8 survivors (8192K)
 Metaspace       used 86063K, committed 86848K, reserved 557056K
  class space    used 12112K, committed 12480K, reserved 425984K
}
Event: 57.504 GC heap after
{Heap after GC invocations=43 (full 0):
 garbage-first heap   total 345088K, used 103774K [0x0000000080000000, 0x0000000100000000)
  region size 1024K, 18 young (18432K), 18 survivors (18432K)
 Metaspace       used 86063K, committed 86848K, reserved 557056K
  class space    used 12112K, committed 12480K, reserved 425984K
}
Event: 61.792 GC heap before
{Heap before GC invocations=43 (full 0):
 garbage-first heap   total 345088K, used 243038K [0x0000000080000000, 0x0000000100000000)
  region size 1024K, 149 young (152576K), 18 survivors (18432K)
 Metaspace       used 90696K, committed 91584K, reserved 557056K
  class space    used 12705K, committed 13120K, reserved 425984K
}
Event: 61.874 GC heap after
{Heap after GC invocations=44 (full 0):
 garbage-first heap   total 345088K, used 133318K [0x0000000080000000, 0x0000000100000000)
  region size 1024K, 19 young (19456K), 19 survivors (19456K)
 Metaspace       used 90696K, committed 91584K, reserved 557056K
  class space    used 12705K, committed 13120K, reserved 425984K
}
Event: 65.018 GC heap before
{Heap before GC invocations=44 (full 0):
 garbage-first heap   total 345088K, used 243910K [0x0000000080000000, 0x0000000100000000)
  region size 1024K, 127 young (130048K), 19 survivors (19456K)
 Metaspace       used 96660K, committed 97600K, reserved 557056K
  class space    used 13526K, committed 13952K, reserved 425984K
}
Event: 65.058 GC heap after
{Heap after GC invocations=45 (full 0):
 garbage-first heap   total 345088K, used 144236K [0x0000000080000000, 0x0000000100000000)
  region size 1024K, 10 young (10240K), 10 survivors (10240K)
 Metaspace       used 96660K, committed 97600K, reserved 557056K
  class space    used 13526K, committed 13952K, reserved 425984K
}
Event: 68.189 GC heap before
{Heap before GC invocations=45 (full 0):
 garbage-first heap   total 345088K, used 252780K [0x0000000080000000, 0x0000000100000000)
  region size 1024K, 117 young (119808K), 10 survivors (10240K)
 Metaspace       used 98299K, committed 99200K, reserved 557056K
  class space    used 13726K, committed 14144K, reserved 425984K
}
Event: 68.240 GC heap after
{Heap after GC invocations=46 (full 0):
 garbage-first heap   total 345088K, used 153452K [0x0000000080000000, 0x0000000100000000)
  region size 1024K, 9 young (9216K), 9 survivors (9216K)
 Metaspace       used 98299K, committed 99200K, reserved 557056K
  class space    used 13726K, committed 14144K, reserved 425984K
}

