# JRE version: OpenJDK Runtime Environment Microsoft-8035246 (17.0.8+7) (build 17.0.8+7-LTS)
# Java VM: OpenJDK 64-Bit Server VM Microsoft-8035246 (17.0.8+7-LTS, mixed mode, sharing, tiered, compressed oops, compressed class ptrs, g1 gc, windows-amd64)
GC Precious Log:
 CPUs: 4 total, 4 available
 Memory: 16289M
 Large Page Support: Disabled
 NUMA Support: Disabled
 Compressed Oops: Enabled (32-bit)
 Heap Region Size: 1M
 Heap Min Capacity: 8M
 Heap Initial Capacity: 256M
 Heap Max Capacity: 2G
 Pre-touch: Disabled
 Parallel Workers: 4
 Concurrent Workers: 1
 Concurrent Refinement Workers: 4
 Periodic GC: Disabled
Heap:
 garbage-first heap   total 509952K, used 231562K [0x0000000080000000, 0x0000000100000000)
  region size 1024K, 91 young (93184K), 18 survivors (18432K)
 Metaspace       used 98321K, committed 99200K, reserved 557056K
  class space    used 13718K, committed 14144K, reserved 425984K
GC Heap History (20 events):
Event: 35.764 GC heap before
{Heap before GC invocations=37 (full 0):
 garbage-first heap   total 216064K, used 159831K [0x0000000080000000, 0x0000000100000000)
  region size 1024K, 74 young (75776K), 5 survivors (5120K)
 Metaspace       used 80642K, committed 81344K, reserved 557056K
  class space    used 11259K, committed 11584K, reserved 425984K
}
Event: 35.776 GC heap after
{Heap after GC invocations=38 (full 0):
 garbage-first heap   total 216064K, used 91650K [0x0000000080000000, 0x0000000100000000)
  region size 1024K, 8 young (8192K), 8 survivors (8192K)
 Metaspace       used 80642K, committed 81344K, reserved 557056K
  class space    used 11259K, committed 11584K, reserved 425984K
}
Event: 37.197 GC heap before
{Heap before GC invocations=38 (full 0):
 garbage-first heap   total 216064K, used 163330K [0x0000000080000000, 0x0000000100000000)
  region size 1024K, 78 young (79872K), 8 survivors (8192K)
 Metaspace       used 85363K, committed 86144K, reserved 557056K
  class space    used 12065K, committed 12416K, reserved 425984K
}
Event: 37.216 GC heap after
{Heap after GC invocations=39 (full 0):
 garbage-first heap   total 216064K, used 95841K [0x0000000080000000, 0x0000000100000000)
  region size 1024K, 8 young (8192K), 8 survivors (8192K)
 Metaspace       used 85363K, committed 86144K, reserved 557056K
  class space    used 12065K, committed 12416K, reserved 425984K
}
Event: 38.936 GC heap before
{Heap before GC invocations=39 (full 0):
 garbage-first heap   total 216064K, used 171617K [0x0000000080000000, 0x0000000100000000)
  region size 1024K, 77 young (78848K), 8 survivors (8192K)
 Metaspace       used 87228K, committed 88000K, reserved 557056K
  class space    used 12316K, committed 12672K, reserved 425984K
}
Event: 38.963 GC heap after
{Heap after GC invocations=40 (full 0):
 garbage-first heap   total 216064K, used 111146K [0x0000000080000000, 0x0000000100000000)
  region size 1024K, 10 young (10240K), 10 survivors (10240K)
 Metaspace       used 87228K, committed 88000K, reserved 557056K
  class space    used 12316K, committed 12672K, reserved 425984K
}
Event: 39.090 GC heap before
{Heap before GC invocations=40 (full 0):
 garbage-first heap   total 216064K, used 114218K [0x0000000080000000, 0x0000000100000000)
  region size 1024K, 15 young (15360K), 10 survivors (10240K)
 Metaspace       used 87313K, committed 88064K, reserved 557056K
  class space    used 12320K, committed 12672K, reserved 425984K
}
Event: 39.108 GC heap after
{Heap after GC invocations=41 (full 0):
 garbage-first heap   total 216064K, used 115220K [0x0000000080000000, 0x0000000100000000)
  region size 1024K, 3 young (3072K), 3 survivors (3072K)
 Metaspace       used 87313K, committed 88064K, reserved 557056K
  class space    used 12320K, committed 12672K, reserved 425984K
}
Event: 40.538 GC heap before
{Heap before GC invocations=42 (full 0):
 garbage-first heap   total 216064K, used 160276K [0x0000000080000000, 0x0000000100000000)
  region size 1024K, 47 young (48128K), 3 survivors (3072K)
 Metaspace       used 88928K, committed 89728K, reserved 557056K
  class space    used 12485K, committed 12864K, reserved 425984K
}
Event: 40.558 GC heap after
{Heap after GC invocations=43 (full 0):
 garbage-first heap   total 216064K, used 126143K [0x0000000080000000, 0x0000000100000000)
  region size 1024K, 6 young (6144K), 6 survivors (6144K)
 Metaspace       used 88928K, committed 89728K, reserved 557056K
  class space    used 12485K, committed 12864K, reserved 425984K
}
Event: 40.655 GC heap before
{Heap before GC invocations=43 (full 0):
 garbage-first heap   total 216064K, used 131263K [0x0000000080000000, 0x0000000100000000)
  region size 1024K, 10 young (10240K), 6 survivors (6144K)
 Metaspace       used 88980K, committed 89792K, reserved 557056K
  class space    used 12493K, committed 12864K, reserved 425984K
}
Event: 40.671 GC heap after
{Heap after GC invocations=44 (full 0):
 garbage-first heap   total 216064K, used 130520K [0x0000000080000000, 0x0000000100000000)
  region size 1024K, 2 young (2048K), 2 survivors (2048K)
 Metaspace       used 88980K, committed 89792K, reserved 557056K
  class space    used 12493K, committed 12864K, reserved 425984K
}
Event: 41.538 GC heap before
{Heap before GC invocations=44 (full 0):
 garbage-first heap   total 216064K, used 166360K [0x0000000080000000, 0x0000000100000000)
  region size 1024K, 38 young (38912K), 2 survivors (2048K)
 Metaspace       used 90577K, committed 91456K, reserved 557056K
  class space    used 12703K, committed 13120K, reserved 425984K
}
Event: 41.550 GC heap after
{Heap after GC invocations=45 (full 0):
 garbage-first heap   total 216064K, used 135234K [0x0000000080000000, 0x0000000100000000)
  region size 1024K, 5 young (5120K), 5 survivors (5120K)
 Metaspace       used 90577K, committed 91456K, reserved 557056K
  class space    used 12703K, committed 13120K, reserved 425984K
}
Event: 42.615 GC heap before
{Heap before GC invocations=46 (full 0):
 garbage-first heap   total 254976K, used 169026K [0x0000000080000000, 0x0000000100000000)
  region size 1024K, 38 young (38912K), 5 survivors (5120K)
 Metaspace       used 93492K, committed 94400K, reserved 557056K
  class space    used 13147K, committed 13568K, reserved 425984K
}
Event: 42.627 GC heap after
{Heap after GC invocations=47 (full 0):
 garbage-first heap   total 254976K, used 137069K [0x0000000080000000, 0x0000000100000000)
  region size 1024K, 2 young (2048K), 2 survivors (2048K)
 Metaspace       used 93492K, committed 94400K, reserved 557056K
  class space    used 13147K, committed 13568K, reserved 425984K
}
Event: 42.864 GC heap before
{Heap before GC invocations=47 (full 0):
 garbage-first heap   total 254976K, used 147309K [0x0000000080000000, 0x0000000100000000)
  region size 1024K, 12 young (12288K), 2 survivors (2048K)
 Metaspace       used 94219K, committed 95168K, reserved 557056K
  class space    used 13242K, committed 13696K, reserved 425984K
}
Event: 42.878 GC heap after
{Heap after GC invocations=48 (full 0):
 garbage-first heap   total 509952K, used 137522K [0x0000000080000000, 0x0000000100000000)
  region size 1024K, 1 young (1024K), 1 survivors (1024K)
 Metaspace       used 94219K, committed 95168K, reserved 557056K
  class space    used 13242K, committed 13696K, reserved 425984K
}
Event: 49.099 GC heap before
{Heap before GC invocations=48 (full 0):
 garbage-first heap   total 509952K, used 334130K [0x0000000080000000, 0x0000000100000000)
  region size 1024K, 194 young (198656K), 1 survivors (1024K)
 Metaspace       used 98210K, committed 99136K, reserved 557056K
  class space    used 13718K, committed 14144K, reserved 425984K
}
Event: 49.149 GC heap after
{Heap after GC invocations=49 (full 0):
 garbage-first heap   total 509952K, used 154762K [0x0000000080000000, 0x0000000100000000)
  region size 1024K, 18 young (18432K), 18 survivors (18432K)
 Metaspace       used 98210K, committed 99136K, reserved 557056K
  class space    used 13718K, committed 14144K, reserved 425984K
}

